# JRE version: OpenJDK Runtime Environment (11.0.13) (build 11.0.13+0-b1751.21-8125866)
# Java VM: OpenJDK 64-Bit Server VM (11.0.13+0-b1751.21-8125866, mixed mode, tiered, compressed oops, g1 gc, windows-amd64)
Heap:
 garbage-first heap   total 260096K, used 106518K [0x0000000080000000, 0x0000000100000000)
  region size 1024K, 4 young (4096K), 4 survivors (4096K)
 Metaspace       used 135559K, capacity 137821K, committed 137936K, reserved 647168K
  class space    used 15756K, capacity 16692K, committed 16768K, reserved 516096K
GC Heap History (20 events):
Event: 50.980 GC heap before
{Heap before GC invocations=53 (full 0):
 garbage-first heap   total 260096K, used 217728K [0x0000000080000000, 0x0000000100000000)
  region size 1024K, 95 young (97280K), 8 survivors (8192K)
 Metaspace       used 123902K, capacity 125835K, committed 126032K, reserved 628736K
  class space    used 14338K, capacity 15096K, committed 15104K, reserved 516096K
}
Event: 50.990 GC heap after
{Heap after GC invocations=54 (full 0):
 garbage-first heap   total 260096K, used 126561K [0x0000000080000000, 0x0000000100000000)
  region size 1024K, 3 young (3072K), 3 survivors (3072K)
 Metaspace       used 123902K, capacity 125835K, committed 126032K, reserved 628736K
  class space    used 14338K, capacity 15096K, committed 15104K, reserved 516096K
}
Event: 68.426 GC heap before
{Heap before GC invocations=55 (full 0):
 garbage-first heap   total 260096K, used 216673K [0x0000000080000000, 0x0000000100000000)
  region size 1024K, 93 young (95232K), 3 survivors (3072K)
 Metaspace       used 132784K, capacity 134911K, committed 135248K, reserved 636928K
  class space    used 15446K, capacity 16300K, committed 16384K, reserved 516096K
}
Event: 68.431 GC heap after
{Heap after GC invocations=56 (full 0):
 garbage-first heap   total 260096K, used 128623K [0x0000000080000000, 0x0000000100000000)
  region size 1024K, 7 young (7168K), 7 survivors (7168K)
 Metaspace       used 132784K, capacity 134911K, committed 135248K, reserved 636928K
  class space    used 15446K, capacity 16300K, committed 16384K, reserved 516096K
}
Event: 68.583 GC heap before
{Heap before GC invocations=56 (full 0):
 garbage-first heap   total 260096K, used 132719K [0x0000000080000000, 0x0000000100000000)
  region size 1024K, 12 young (12288K), 7 survivors (7168K)
 Metaspace       used 132945K, capacity 135078K, committed 135248K, reserved 636928K
  class space    used 15463K, capacity 16334K, committed 16384K, reserved 516096K
}
Event: 68.591 GC heap after
{Heap after GC invocations=57 (full 0):
 garbage-first heap   total 260096K, used 104431K [0x0000000080000000, 0x0000000100000000)
  region size 1024K, 1 young (1024K), 1 survivors (1024K)
 Metaspace       used 132945K, capacity 135078K, committed 135248K, reserved 636928K
  class space    used 15463K, capacity 16334K, committed 16384K, reserved 516096K
}
Event: 71.436 GC heap before
{Heap before GC invocations=57 (full 0):
 garbage-first heap   total 260096K, used 114671K [0x0000000080000000, 0x0000000100000000)
  region size 1024K, 12 young (12288K), 1 survivors (1024K)
 Metaspace       used 133127K, capacity 135334K, committed 135504K, reserved 636928K
  class space    used 15463K, capacity 16334K, committed 16384K, reserved 516096K
}
Event: 71.442 GC heap after
{Heap after GC invocations=58 (full 0):
 garbage-first heap   total 260096K, used 97166K [0x0000000080000000, 0x0000000100000000)
  region size 1024K, 1 young (1024K), 1 survivors (1024K)
 Metaspace       used 133127K, capacity 135334K, committed 135504K, reserved 636928K
  class space    used 15463K, capacity 16334K, committed 16384K, reserved 516096K
}
Event: 116.323 GC heap before
{Heap before GC invocations=58 (full 0):
 garbage-first heap   total 260096K, used 205710K [0x0000000080000000, 0x0000000100000000)
  region size 1024K, 108 young (110592K), 1 survivors (1024K)
 Metaspace       used 133140K, capacity 135335K, committed 135504K, reserved 636928K
  class space    used 15463K, capacity 16334K, committed 16384K, reserved 516096K
}
Event: 116.325 GC heap after
{Heap after GC invocations=59 (full 0):
 garbage-first heap   total 260096K, used 97044K [0x0000000080000000, 0x0000000100000000)
  region size 1024K, 1 young (1024K), 1 survivors (1024K)
 Metaspace       used 133140K, capacity 135335K, committed 135504K, reserved 636928K
  class space    used 15463K, capacity 16334K, committed 16384K, reserved 516096K
}
Event: 118.944 GC heap before
{Heap before GC invocations=59 (full 0):
 garbage-first heap   total 260096K, used 210708K [0x0000000080000000, 0x0000000100000000)
  region size 1024K, 111 young (113664K), 1 survivors (1024K)
 Metaspace       used 133262K, capacity 135470K, committed 135504K, reserved 636928K
  class space    used 15474K, capacity 16376K, committed 16384K, reserved 516096K
}
Event: 118.947 GC heap after
{Heap after GC invocations=60 (full 0):
 garbage-first heap   total 260096K, used 100744K [0x0000000080000000, 0x0000000100000000)
  region size 1024K, 2 young (2048K), 2 survivors (2048K)
 Metaspace       used 133262K, capacity 135470K, committed 135504K, reserved 636928K
  class space    used 15474K, capacity 16376K, committed 16384K, reserved 516096K
}
Event: 119.825 GC heap before
{Heap before GC invocations=60 (full 0):
 garbage-first heap   total 260096K, used 218504K [0x0000000080000000, 0x0000000100000000)
  region size 1024K, 113 young (115712K), 2 survivors (2048K)
 Metaspace       used 133271K, capacity 135470K, committed 135504K, reserved 636928K
  class space    used 15475K, capacity 16376K, committed 16384K, reserved 516096K
}
Event: 119.827 GC heap after
{Heap after GC invocations=61 (full 0):
 garbage-first heap   total 260096K, used 103034K [0x0000000080000000, 0x0000000100000000)
  region size 1024K, 3 young (3072K), 3 survivors (3072K)
 Metaspace       used 133271K, capacity 135470K, committed 135504K, reserved 636928K
  class space    used 15475K, capacity 16376K, committed 16384K, reserved 516096K
}
Event: 120.106 GC heap before
{Heap before GC invocations=61 (full 0):
 garbage-first heap   total 260096K, used 216698K [0x0000000080000000, 0x0000000100000000)
  region size 1024K, 114 young (116736K), 3 survivors (3072K)
 Metaspace       used 133271K, capacity 135470K, committed 135504K, reserved 636928K
  class space    used 15475K, capacity 16376K, committed 16384K, reserved 516096K
}
Event: 120.108 GC heap after
{Heap after GC invocations=62 (full 0):
 garbage-first heap   total 260096K, used 104443K [0x0000000080000000, 0x0000000100000000)
  region size 1024K, 4 young (4096K), 4 survivors (4096K)
 Metaspace       used 133271K, capacity 135470K, committed 135504K, reserved 636928K
  class space    used 15475K, capacity 16376K, committed 16384K, reserved 516096K
}
Event: 120.408 GC heap before
{Heap before GC invocations=62 (full 0):
 garbage-first heap   total 260096K, used 219131K [0x0000000080000000, 0x0000000100000000)
  region size 1024K, 116 young (118784K), 4 survivors (4096K)
 Metaspace       used 133273K, capacity 135470K, committed 135504K, reserved 636928K
  class space    used 15475K, capacity 16376K, committed 16384K, reserved 516096K
}
Event: 120.411 GC heap after
{Heap after GC invocations=63 (full 0):
 garbage-first heap   total 260096K, used 105860K [0x0000000080000000, 0x0000000100000000)
  region size 1024K, 5 young (5120K), 5 survivors (5120K)
 Metaspace       used 133273K, capacity 135470K, committed 135504K, reserved 636928K
  class space    used 15475K, capacity 16376K, committed 16384K, reserved 516096K
}
Event: 121.084 GC heap before
{Heap before GC invocations=63 (full 0):
 garbage-first heap   total 260096K, used 164228K [0x0000000080000000, 0x0000000100000000)
  region size 1024K, 57 young (58368K), 5 survivors (5120K)
 Metaspace       used 135559K, capacity 137821K, committed 137936K, reserved 645120K
  class space    used 15756K, capacity 16692K, committed 16768K, reserved 516096K
}
Event: 121.089 GC heap after
{Heap after GC invocations=64 (full 0):
 garbage-first heap   total 260096K, used 106518K [0x0000000080000000, 0x0000000100000000)
  region size 1024K, 4 young (4096K), 4 survivors (4096K)
 Metaspace       used 135559K, capacity 137821K, committed 137936K, reserved 645120K
  class space    used 15756K, capacity 16692K, committed 16768K, reserved 516096K
}

