# JRE version: OpenJDK Runtime Environment (11.0.13) (build 11.0.13+0-b1751.21-8125866)
# Java VM: OpenJDK 64-Bit Server VM (11.0.13+0-b1751.21-8125866, mixed mode, tiered, compressed oops, g1 gc, windows-amd64)
Heap:
 garbage-first heap   total 444416K, used 295971K [0x0000000080000000, 0x0000000100000000)
  region size 1024K, 228 young (233472K), 8 survivors (8192K)
 Metaspace       used 74637K, capacity 76499K, committed 76752K, reserved 583680K
  class space    used 9280K, capacity 10020K, committed 10112K, reserved 516096K
GC Heap History (20 events):
Event: 113.299 GC heap before
{Heap before GC invocations=45 (full 0):
 garbage-first heap   total 444416K, used 321958K [0x0000000080000000, 0x0000000100000000)
  region size 1024K, 260 young (266240K), 11 survivors (11264K)
 Metaspace       used 70484K, capacity 72296K, committed 72528K, reserved 579584K
  class space    used 8715K, capacity 9432K, committed 9472K, reserved 516096K
}
Event: 113.306 GC heap after
{Heap after GC invocations=46 (full 0):
 garbage-first heap   total 444416K, used 69557K [0x0000000080000000, 0x0000000100000000)
  region size 1024K, 13 young (13312K), 13 survivors (13312K)
 Metaspace       used 70484K, capacity 72296K, committed 72528K, reserved 579584K
  class space    used 8715K, capacity 9432K, committed 9472K, reserved 516096K
}
Event: 113.829 GC heap before
{Heap before GC invocations=46 (full 0):
 garbage-first heap   total 444416K, used 322485K [0x0000000080000000, 0x0000000100000000)
  region size 1024K, 260 young (266240K), 13 survivors (13312K)
 Metaspace       used 70484K, capacity 72296K, committed 72528K, reserved 579584K
  class space    used 8715K, capacity 9432K, committed 9472K, reserved 516096K
}
Event: 113.838 GC heap after
{Heap after GC invocations=47 (full 0):
 garbage-first heap   total 444416K, used 71110K [0x0000000080000000, 0x0000000100000000)
  region size 1024K, 14 young (14336K), 14 survivors (14336K)
 Metaspace       used 70484K, capacity 72296K, committed 72528K, reserved 579584K
  class space    used 8715K, capacity 9432K, committed 9472K, reserved 516096K
}
Event: 114.251 GC heap before
{Heap before GC invocations=47 (full 0):
 garbage-first heap   total 444416K, used 323014K [0x0000000080000000, 0x0000000100000000)
  region size 1024K, 260 young (266240K), 14 survivors (14336K)
 Metaspace       used 70484K, capacity 72296K, committed 72528K, reserved 579584K
  class space    used 8715K, capacity 9432K, committed 9472K, reserved 516096K
}
Event: 114.259 GC heap after
{Heap after GC invocations=48 (full 0):
 garbage-first heap   total 444416K, used 68232K [0x0000000080000000, 0x0000000100000000)
  region size 1024K, 13 young (13312K), 13 survivors (13312K)
 Metaspace       used 70484K, capacity 72296K, committed 72528K, reserved 579584K
  class space    used 8715K, capacity 9432K, committed 9472K, reserved 516096K
}
Event: 114.719 GC heap before
{Heap before GC invocations=48 (full 0):
 garbage-first heap   total 444416K, used 321160K [0x0000000080000000, 0x0000000100000000)
  region size 1024K, 260 young (266240K), 13 survivors (13312K)
 Metaspace       used 70486K, capacity 72296K, committed 72528K, reserved 579584K
  class space    used 8715K, capacity 9432K, committed 9472K, reserved 516096K
}
Event: 114.727 GC heap after
{Heap after GC invocations=49 (full 0):
 garbage-first heap   total 444416K, used 68580K [0x0000000080000000, 0x0000000100000000)
  region size 1024K, 14 young (14336K), 14 survivors (14336K)
 Metaspace       used 70486K, capacity 72296K, committed 72528K, reserved 579584K
  class space    used 8715K, capacity 9432K, committed 9472K, reserved 516096K
}
Event: 115.219 GC heap before
{Heap before GC invocations=49 (full 0):
 garbage-first heap   total 444416K, used 320484K [0x0000000080000000, 0x0000000100000000)
  region size 1024K, 260 young (266240K), 14 survivors (14336K)
 Metaspace       used 70486K, capacity 72296K, committed 72528K, reserved 579584K
  class space    used 8715K, capacity 9432K, committed 9472K, reserved 516096K
}
Event: 115.229 GC heap after
{Heap after GC invocations=50 (full 0):
 garbage-first heap   total 444416K, used 70162K [0x0000000080000000, 0x0000000100000000)
  region size 1024K, 15 young (15360K), 15 survivors (15360K)
 Metaspace       used 70486K, capacity 72296K, committed 72528K, reserved 579584K
  class space    used 8715K, capacity 9432K, committed 9472K, reserved 516096K
}
Event: 115.801 GC heap before
{Heap before GC invocations=50 (full 0):
 garbage-first heap   total 444416K, used 321042K [0x0000000080000000, 0x0000000100000000)
  region size 1024K, 260 young (266240K), 15 survivors (15360K)
 Metaspace       used 70486K, capacity 72296K, committed 72528K, reserved 579584K
  class space    used 8715K, capacity 9432K, committed 9472K, reserved 516096K
}
Event: 115.810 GC heap after
{Heap after GC invocations=51 (full 0):
 garbage-first heap   total 444416K, used 71592K [0x0000000080000000, 0x0000000100000000)
  region size 1024K, 16 young (16384K), 16 survivors (16384K)
 Metaspace       used 70486K, capacity 72296K, committed 72528K, reserved 579584K
  class space    used 8715K, capacity 9432K, committed 9472K, reserved 516096K
}
Event: 116.382 GC heap before
{Heap before GC invocations=51 (full 0):
 garbage-first heap   total 444416K, used 321448K [0x0000000080000000, 0x0000000100000000)
  region size 1024K, 260 young (266240K), 16 survivors (16384K)
 Metaspace       used 70487K, capacity 72296K, committed 72528K, reserved 579584K
  class space    used 8715K, capacity 9432K, committed 9472K, reserved 516096K
}
Event: 116.392 GC heap after
{Heap after GC invocations=52 (full 0):
 garbage-first heap   total 444416K, used 73557K [0x0000000080000000, 0x0000000100000000)
  region size 1024K, 18 young (18432K), 18 survivors (18432K)
 Metaspace       used 70487K, capacity 72296K, committed 72528K, reserved 579584K
  class space    used 8715K, capacity 9432K, committed 9472K, reserved 516096K
}
Event: 116.996 GC heap before
{Heap before GC invocations=52 (full 0):
 garbage-first heap   total 444416K, used 321365K [0x0000000080000000, 0x0000000100000000)
  region size 1024K, 260 young (266240K), 18 survivors (18432K)
 Metaspace       used 70488K, capacity 72296K, committed 72528K, reserved 579584K
  class space    used 8715K, capacity 9432K, committed 9472K, reserved 516096K
}
Event: 117.008 GC heap after
{Heap after GC invocations=53 (full 0):
 garbage-first heap   total 444416K, used 74954K [0x0000000080000000, 0x0000000100000000)
  region size 1024K, 19 young (19456K), 19 survivors (19456K)
 Metaspace       used 70488K, capacity 72296K, committed 72528K, reserved 579584K
  class space    used 8715K, capacity 9432K, committed 9472K, reserved 516096K
}
Event: 119.154 GC heap before
{Heap before GC invocations=53 (full 0):
 garbage-first heap   total 444416K, used 323786K [0x0000000080000000, 0x0000000100000000)
  region size 1024K, 260 young (266240K), 19 survivors (19456K)
 Metaspace       used 70590K, capacity 72409K, committed 72528K, reserved 579584K
  class space    used 8728K, capacity 9446K, committed 9472K, reserved 516096K
}
Event: 119.164 GC heap after
{Heap after GC invocations=54 (full 0):
 garbage-first heap   total 444416K, used 60099K [0x0000000080000000, 0x0000000100000000)
  region size 1024K, 7 young (7168K), 7 survivors (7168K)
 Metaspace       used 70590K, capacity 72409K, committed 72528K, reserved 579584K
  class space    used 8728K, capacity 9446K, committed 9472K, reserved 516096K
}
Event: 119.882 GC heap before
{Heap before GC invocations=54 (full 0):
 garbage-first heap   total 444416K, used 323267K [0x0000000080000000, 0x0000000100000000)
  region size 1024K, 260 young (266240K), 7 survivors (7168K)
 Metaspace       used 70600K, capacity 72409K, committed 72528K, reserved 579584K
  class space    used 8728K, capacity 9446K, committed 9472K, reserved 516096K
}
Event: 119.887 GC heap after
{Heap after GC invocations=55 (full 0):
 garbage-first heap   total 444416K, used 65571K [0x0000000080000000, 0x0000000100000000)
  region size 1024K, 8 young (8192K), 8 survivors (8192K)
 Metaspace       used 70600K, capacity 72409K, committed 72528K, reserved 579584K
  class space    used 8728K, capacity 9446K, committed 9472K, reserved 516096K
}

